<?xml version="1.0" encoding="UTF-8"?>
<!-- Generated by org.testng.reporters.JUnitXMLReporter -->
<testsuite ignored="0" hostname="Koushik" failures="1" tests="6" name="loginsause" time="16.594" errors="0" timestamp="2025-12-10T22:34:38 IST">
  <testcase classname="TestPackage.loginsause" name="login" time="1.537"/>
  <testcase classname="TestPackage.loginsause" name="login" time="0.77">
    <failure type="java.lang.AssertionError" message="expected [https://www.saucedemo.com/inventory.html] but found [https://www.saucedemo.com/]">
      <![CDATA[java.lang.AssertionError: expected [https://www.saucedemo.com/inventory.html] but found [https://www.saucedemo.com/]
at Pages.loginpage.logintest(loginpage.java:33)
at TestPackage.loginsause.login(loginsause.java:13)
at java.base/java.util.ArrayList.forEach(ArrayList.java:1596)
at java.base/java.util.concurrent.FutureTask.run(FutureTask.java:317)
at java.base/java.util.concurrent.ThreadPoolExecutor.runWorker(ThreadPoolExecutor.java:1144)
at java.base/java.util.concurrent.ThreadPoolExecutor$Worker.run(ThreadPoolExecutor.java:642)
at java.base/java.lang.Thread.run(Thread.java:1583)
... Removed 21 stack frames]]>
    </failure>
  </testcase> <!-- login -->
  <testcase classname="TestPackage.loginsause" name="login" time="0.639"/>
  <testcase classname="TestPackage.loginsause" name="login" time="5.518"/>
  <testcase classname="TestPackage.loginsause" name="login" time="0.424"/>
  <testcase classname="TestPackage.loginsause" name="login" time="0.417"/>
</testsuite> <!-- loginsause -->
