<?xml version="1.0" encoding="UTF-8"?>
<!-- Generated by org.testng.reporters.JUnitXMLReporter -->
<testsuite ignored="0" hostname="Koushik" failures="1" tests="6" name="Test" time="15.681" errors="0" timestamp="2025-12-10T22:33:33 IST">
  <testcase classname="TestPackage.loginsause" name="login" time="4.03"/>
  <testcase classname="TestPackage.loginsause" name="login" time="0.412">
    <failure type="java.lang.AssertionError" message="expected [https://www.saucedemo.com/inventory.html] but found [https://www.saucedemo.com/]">
      <![CDATA[java.lang.AssertionError: expected [https://www.saucedemo.com/inventory.html] but found [https://www.saucedemo.com/]
at Pages.loginpage.logintest(loginpage.java:33)
at TestPackage.loginsause.login(loginsause.java:13)
at java.base/java.util.ArrayList.forEach(ArrayList.java:1596)
... Removed 31 stack frames]]>
    </failure>
  </testcase> <!-- login -->
  <testcase classname="TestPackage.loginsause" name="login" time="0.389"/>
  <testcase classname="TestPackage.loginsause" name="login" time="5.439"/>
  <testcase classname="TestPackage.loginsause" name="login" time="0.36"/>
  <testcase classname="TestPackage.loginsause" name="login" time="0.418"/>
</testsuite> <!-- Test -->
