<?xml version="1.0" encoding="UTF-8"?>
<testng-results ignored="0" total="1" passed="1" failed="0" skipped="0">
  <reporter-output>
  </reporter-output>
  <suite started-at="2025-12-18T22:31:06 IST" name="Suite" finished-at="2025-12-18T22:31:20 IST" duration-ms="13687">
    <groups>
    </groups>
    <test started-at="2025-12-18T22:31:06 IST" name="Test" finished-at="2025-12-18T22:31:20 IST" duration-ms="13687">
      <class name="TestPackage.greenkart">
        <test-method is-config="true" signature="launch()[pri:0, instance:TestPackage.greenkart@25df00a0]" started-at="2025-12-18T22:31:06 IST" name="launch" finished-at="2025-12-18T22:31:09 IST" duration-ms="2362" status="PASS">
          <reporter-output>
          </reporter-output>
        </test-method> <!-- launch -->
        <test-method signature="checkoutjourny(java.lang.String,java.lang.String,java.lang.String)[pri:0, instance:TestPackage.greenkart@25df00a0]" started-at="2025-12-18T22:31:09 IST" name="checkoutjourny" finished-at="2025-12-18T22:31:18 IST" duration-ms="9607" status="PASS">
          <params>
            <param index="0">
              <value>
                <![CDATA[https://rahulshettyacademy.com/seleniumPractise/#/]]>
              </value>
            </param>
            <param index="1">
              <value>
                <![CDATA[ashish]]>
              </value>
            </param>
            <param index="2">
              <value>
                <![CDATA[India]]>
              </value>
            </param>
          </params>
          <reporter-output>
          </reporter-output>
        </test-method> <!-- checkoutjourny -->
        <test-method is-config="true" signature="terminate()[pri:0, instance:TestPackage.greenkart@25df00a0]" started-at="2025-12-18T22:31:20 IST" name="terminate" finished-at="2025-12-18T22:31:20 IST" duration-ms="181" status="PASS">
          <reporter-output>
          </reporter-output>
        </test-method> <!-- terminate -->
      </class> <!-- TestPackage.greenkart -->
    </test> <!-- Test -->
  </suite> <!-- Suite -->
</testng-results>
