<?xml version="1.0" encoding="UTF-8"?>
<testng-results ignored="0" total="1" passed="1" failed="0" skipped="0">
  <reporter-output>
  </reporter-output>
  <suite started-at="2025-12-17T22:07:34 IST" name="Suite" finished-at="2025-12-17T22:07:52 IST" duration-ms="17611">
    <groups>
    </groups>
    <test started-at="2025-12-17T22:07:34 IST" name="Test" finished-at="2025-12-17T22:07:52 IST" duration-ms="17611">
      <class name="TestPackage.greenkart">
        <test-method is-config="true" signature="launch()[pri:0, instance:TestPackage.greenkart@25df00a0]" started-at="2025-12-17T22:07:34 IST" name="launch" finished-at="2025-12-17T22:07:39 IST" duration-ms="4627" status="PASS">
          <reporter-output>
          </reporter-output>
        </test-method> <!-- launch -->
        <test-method signature="checkoutjourny(java.lang.String,java.lang.String,java.lang.String)[pri:0, instance:TestPackage.greenkart@25df00a0]" started-at="2025-12-17T22:07:39 IST" name="checkoutjourny" finished-at="2025-12-17T22:07:49 IST" duration-ms="10798" status="PASS">
          <params>
            <param index="0">
              <value>
                <![CDATA[https://rahulshettyacademy.com/seleniumPractise/#/]]>
              </value>
            </param>
            <param index="1">
              <value>
                <![CDATA[ashish]]>
              </value>
            </param>
            <param index="2">
              <value>
                <![CDATA[India]]>
              </value>
            </param>
          </params>
          <reporter-output>
          </reporter-output>
        </test-method> <!-- checkoutjourny -->
        <test-method is-config="true" signature="terminate()[pri:0, instance:TestPackage.greenkart@25df00a0]" started-at="2025-12-17T22:07:51 IST" name="terminate" finished-at="2025-12-17T22:07:52 IST" duration-ms="507" status="PASS">
          <reporter-output>
          </reporter-output>
        </test-method> <!-- terminate -->
      </class> <!-- TestPackage.greenkart -->
    </test> <!-- Test -->
  </suite> <!-- Suite -->
</testng-results>
