<?xml version="1.0" encoding="UTF-8"?>
<testng-results ignored="0" total="6" passed="5" failed="1" skipped="0">
  <reporter-output>
  </reporter-output>
  <suite started-at="2025-12-22T22:35:38 IST" name="Suite" finished-at="2025-12-22T22:36:16 IST" duration-ms="38320">
    <groups>
      <group name="cucumber">
        <method signature="AbstractTestNGCucumberTests.runScenario(io.cucumber.testng.PickleWrapper,io.cucumber.testng.FeatureWrapper)[pri:0, instance:stepdefinationLogin.testrunnerLogin@3270d194]" name="runScenario" class="io.cucumber.testng.AbstractTestNGCucumberTests"/>
      </group> <!-- cucumber -->
    </groups>
    <test started-at="2025-12-22T22:35:38 IST" name="Test" finished-at="2025-12-22T22:36:16 IST" duration-ms="38320">
      <class name="stepdefinationLogin.testrunnerLogin">
        <test-method is-config="true" signature="setUpClass(org.testng.ITestContext)[pri:0, instance:stepdefinationLogin.testrunnerLogin@3270d194]" started-at="2025-12-22T22:35:38 IST" name="setUpClass" finished-at="2025-12-22T22:35:41 IST" duration-ms="2809" status="PASS">
          <params>
            <param index="0">
              <value>
                <![CDATA[org.testng.TestRunner@59bbe88a]]>
              </value>
            </param>
          </params>
          <reporter-output>
          </reporter-output>
        </test-method> <!-- setUpClass -->
        <test-method signature="runScenario(io.cucumber.testng.PickleWrapper,io.cucumber.testng.FeatureWrapper)[pri:0, instance:stepdefinationLogin.testrunnerLogin@3270d194]" started-at="2025-12-22T22:35:41 IST" name="runScenario" description="Runs Cucumber Scenarios" data-provider="scenarios" finished-at="2025-12-22T22:35:49 IST" duration-ms="8182" status="PASS">
          <params>
            <param index="0">
              <value>
                <![CDATA["To verify login"]]>
              </value>
            </param>
            <param index="1">
              <value>
                <![CDATA["Login functionality"]]>
              </value>
            </param>
          </params>
          <reporter-output>
          </reporter-output>
        </test-method> <!-- runScenario -->
        <test-method signature="runScenario(io.cucumber.testng.PickleWrapper,io.cucumber.testng.FeatureWrapper)[pri:0, instance:stepdefinationLogin.testrunnerLogin@3270d194]" started-at="2025-12-22T22:35:49 IST" name="runScenario" description="Runs Cucumber Scenarios" data-provider="scenarios" finished-at="2025-12-22T22:35:53 IST" duration-ms="4377" status="FAIL">
          <params>
            <param index="0">
              <value>
                <![CDATA["To verify login"]]>
              </value>
            </param>
            <param index="1">
              <value>
                <![CDATA["Login functionality"]]>
              </value>
            </param>
          </params>
          <exception class="java.lang.AssertionError">
            <message>
              <![CDATA[The following asserts failed:
expected [https://www.saucedemo.com/inventory.html] but found [https://www.saucedemo.com/]]]>
            </message>
            <full-stacktrace>
              <![CDATA[java.lang.AssertionError: The following asserts failed:
expected [https://www.saucedemo.com/inventory.html] but found [https://www.saucedemo.com/]
at org.testng.asserts.SoftAssert.assertAll(SoftAssert.java:46)
at org.testng.asserts.SoftAssert.assertAll(SoftAssert.java:30)
at stepdefinationLogin.loginstep.urlexpected(loginstep.java:46)
at âœ½.Url is expected to display "https://www.saucedemo.com/inventory.html"(file:///C:/Users/koush/eclipse-workspace/PageObjectModel4/src/test/java/featurefiles/login.feature:7)
]]>
            </full-stacktrace>
          </exception> <!-- java.lang.AssertionError -->
          <reporter-output>
          </reporter-output>
        </test-method> <!-- runScenario -->
        <test-method signature="runScenario(io.cucumber.testng.PickleWrapper,io.cucumber.testng.FeatureWrapper)[pri:0, instance:stepdefinationLogin.testrunnerLogin@3270d194]" started-at="2025-12-22T22:35:53 IST" name="runScenario" description="Runs Cucumber Scenarios" data-provider="scenarios" finished-at="2025-12-22T22:35:57 IST" duration-ms="3787" status="PASS">
          <params>
            <param index="0">
              <value>
                <![CDATA["To verify login"]]>
              </value>
            </param>
            <param index="1">
              <value>
                <![CDATA["Login functionality"]]>
              </value>
            </param>
          </params>
          <reporter-output>
          </reporter-output>
        </test-method> <!-- runScenario -->
        <test-method signature="runScenario(io.cucumber.testng.PickleWrapper,io.cucumber.testng.FeatureWrapper)[pri:0, instance:stepdefinationLogin.testrunnerLogin@3270d194]" started-at="2025-12-22T22:35:57 IST" name="runScenario" description="Runs Cucumber Scenarios" data-provider="scenarios" finished-at="2025-12-22T22:36:09 IST" duration-ms="11473" status="PASS">
          <params>
            <param index="0">
              <value>
                <![CDATA["To verify login"]]>
              </value>
            </param>
            <param index="1">
              <value>
                <![CDATA["Login functionality"]]>
              </value>
            </param>
          </params>
          <reporter-output>
          </reporter-output>
        </test-method> <!-- runScenario -->
        <test-method signature="runScenario(io.cucumber.testng.PickleWrapper,io.cucumber.testng.FeatureWrapper)[pri:0, instance:stepdefinationLogin.testrunnerLogin@3270d194]" started-at="2025-12-22T22:36:09 IST" name="runScenario" description="Runs Cucumber Scenarios" data-provider="scenarios" finished-at="2025-12-22T22:36:12 IST" duration-ms="3566" status="PASS">
          <params>
            <param index="0">
              <value>
                <![CDATA["To verify login"]]>
              </value>
            </param>
            <param index="1">
              <value>
                <![CDATA["Login functionality"]]>
              </value>
            </param>
          </params>
          <reporter-output>
          </reporter-output>
        </test-method> <!-- runScenario -->
        <test-method signature="runScenario(io.cucumber.testng.PickleWrapper,io.cucumber.testng.FeatureWrapper)[pri:0, instance:stepdefinationLogin.testrunnerLogin@3270d194]" started-at="2025-12-22T22:36:12 IST" name="runScenario" description="Runs Cucumber Scenarios" data-provider="scenarios" finished-at="2025-12-22T22:36:16 IST" duration-ms="3797" status="PASS">
          <params>
            <param index="0">
              <value>
                <![CDATA["To verify login"]]>
              </value>
            </param>
            <param index="1">
              <value>
                <![CDATA["Login functionality"]]>
              </value>
            </param>
          </params>
          <reporter-output>
          </reporter-output>
        </test-method> <!-- runScenario -->
        <test-method is-config="true" signature="tearDownClass()[pri:0, instance:stepdefinationLogin.testrunnerLogin@3270d194]" started-at="2025-12-22T22:36:16 IST" name="tearDownClass" finished-at="2025-12-22T22:36:16 IST" duration-ms="122" status="PASS">
          <reporter-output>
          </reporter-output>
        </test-method> <!-- tearDownClass -->
      </class> <!-- stepdefinationLogin.testrunnerLogin -->
    </test> <!-- Test -->
  </suite> <!-- Suite -->
</testng-results>
