<?xml version="1.0" encoding="UTF-8"?>
<testng-results ignored="0" total="1" passed="1" failed="0" skipped="0">
  <reporter-output>
  </reporter-output>
  <suite started-at="2025-12-20T22:53:57 IST" name="Suite" finished-at="2025-12-20T22:54:12 IST" duration-ms="15397">
    <groups>
      <group name="cucumber">
        <method signature="AbstractTestNGCucumberTests.runScenario(io.cucumber.testng.PickleWrapper,io.cucumber.testng.FeatureWrapper)[pri:0, instance:stepdefinationGreenkart.testrunnerGreenkart@5b799640]" name="runScenario" class="io.cucumber.testng.AbstractTestNGCucumberTests"/>
      </group> <!-- cucumber -->
    </groups>
    <test started-at="2025-12-20T22:53:57 IST" name="Test" finished-at="2025-12-20T22:54:12 IST" duration-ms="15397">
      <class name="stepdefinationGreenkart.testrunnerGreenkart">
        <test-method is-config="true" signature="setUpClass(org.testng.ITestContext)[pri:0, instance:stepdefinationGreenkart.testrunnerGreenkart@5b799640]" started-at="2025-12-20T22:53:57 IST" name="setUpClass" finished-at="2025-12-20T22:53:58 IST" duration-ms="776" status="PASS">
          <params>
            <param index="0">
              <value>
                <![CDATA[org.testng.TestRunner@1cbc1dde]]>
              </value>
            </param>
          </params>
          <reporter-output>
          </reporter-output>
        </test-method> <!-- setUpClass -->
        <test-method signature="runScenario(io.cucumber.testng.PickleWrapper,io.cucumber.testng.FeatureWrapper)[pri:0, instance:stepdefinationGreenkart.testrunnerGreenkart@5b799640]" started-at="2025-12-20T22:53:58 IST" name="runScenario" description="Runs Cucumber Scenarios" data-provider="scenarios" finished-at="2025-12-20T22:54:12 IST" duration-ms="14439" status="PASS">
          <params>
            <param index="0">
              <value>
                <![CDATA["To verify checkout journey."]]>
              </value>
            </param>
            <param index="1">
              <value>
                <![CDATA["vegitable shopping."]]>
              </value>
            </param>
          </params>
          <reporter-output>
          </reporter-output>
        </test-method> <!-- runScenario -->
        <test-method is-config="true" signature="tearDownClass()[pri:0, instance:stepdefinationGreenkart.testrunnerGreenkart@5b799640]" started-at="2025-12-20T22:54:12 IST" name="tearDownClass" finished-at="2025-12-20T22:54:12 IST" duration-ms="113" status="PASS">
          <reporter-output>
          </reporter-output>
        </test-method> <!-- tearDownClass -->
      </class> <!-- stepdefinationGreenkart.testrunnerGreenkart -->
    </test> <!-- Test -->
  </suite> <!-- Suite -->
</testng-results>
