<?xml version="1.0" encoding="UTF-8"?>
<testng-results ignored="0" total="1" passed="1" failed="0" skipped="0">
  <reporter-output>
  </reporter-output>
  <suite started-at="2025-12-02T23:13:29 IST" name="Suite" finished-at="2025-12-02T23:13:36 IST" duration-ms="6870">
    <groups>
    </groups>
    <test started-at="2025-12-02T23:13:29 IST" name="Test" finished-at="2025-12-02T23:13:36 IST" duration-ms="6870">
      <class name="TestPackage.greenkart">
        <test-method is-config="true" signature="launch()[pri:0, instance:TestPackage.greenkart@cecf639]" started-at="2025-12-02T23:13:29 IST" name="launch" finished-at="2025-12-02T23:13:31 IST" duration-ms="2145" status="PASS">
          <reporter-output>
          </reporter-output>
        </test-method> <!-- launch -->
        <test-method signature="checkoutjourny(java.lang.String,java.lang.String,java.lang.String)[pri:0, instance:TestPackage.greenkart@cecf639]" started-at="2025-12-02T23:13:31 IST" name="checkoutjourny" finished-at="2025-12-02T23:13:36 IST" duration-ms="4497" status="PASS">
          <params>
            <param index="0">
              <value>
                <![CDATA[https://rahulshettyacademy.com/seleniumPractise/#/]]>
              </value>
            </param>
            <param index="1">
              <value>
                <![CDATA[ashish]]>
              </value>
            </param>
            <param index="2">
              <value>
                <![CDATA[India]]>
              </value>
            </param>
          </params>
          <reporter-output>
          </reporter-output>
        </test-method> <!-- checkoutjourny -->
        <test-method is-config="true" signature="terminate()[pri:0, instance:TestPackage.greenkart@cecf639]" started-at="2025-12-02T23:13:36 IST" name="terminate" finished-at="2025-12-02T23:13:36 IST" duration-ms="186" status="PASS">
          <reporter-output>
          </reporter-output>
        </test-method> <!-- terminate -->
      </class> <!-- TestPackage.greenkart -->
    </test> <!-- Test -->
  </suite> <!-- Suite -->
</testng-results>
