<?xml version="1.0" encoding="UTF-8"?>
<testng-results ignored="0" total="1" passed="1" failed="0" skipped="0">
  <reporter-output>
  </reporter-output>
  <suite started-at="2025-12-01T22:57:21 IST" name="Default suite" finished-at="2025-12-01T22:57:27 IST" duration-ms="6131">
    <groups>
    </groups>
    <test started-at="2025-12-01T22:57:21 IST" name="Default test" finished-at="2025-12-01T22:57:27 IST" duration-ms="6131">
      <class name="TestPackage.greenkart">
        <test-method is-config="true" signature="launch()[pri:0, instance:TestPackage.greenkart@48bb62]" started-at="2025-12-01T22:57:21 IST" name="launch" finished-at="2025-12-01T22:57:23 IST" duration-ms="1966" status="PASS">
          <reporter-output>
          </reporter-output>
        </test-method> <!-- launch -->
        <test-method signature="checkoutjourny()[pri:0, instance:TestPackage.greenkart@48bb62]" started-at="2025-12-01T22:57:23 IST" name="checkoutjourny" finished-at="2025-12-01T22:57:27 IST" duration-ms="4109" status="PASS">
          <reporter-output>
          </reporter-output>
        </test-method> <!-- checkoutjourny -->
      </class> <!-- TestPackage.greenkart -->
    </test> <!-- Default test -->
  </suite> <!-- Default suite -->
</testng-results>
