<?xml version="1.0" encoding="UTF-8"?>
<!-- Generated by org.testng.reporters.JUnitReportReporter -->
<testsuite hostname="Koushik" failures="1" tests="6" name="stepdefinationLogin.testrunnerLogin" time="27.945" errors="0" timestamp="2025-12-22T22:25:09 IST" skipped="0">
  <testcase classname="stepdefinationLogin.testrunnerLogin" name="runScenario" time="8.479"/>
  <testcase classname="stepdefinationLogin.testrunnerLogin" name="runScenario" time="2.405">
    <failure message="The following asserts failed:
	expected [https://www.saucedemo.com/inventory.html] but found [https://www.saucedemo.com/]" type="java.lang.AssertionError">
      <![CDATA[java.lang.AssertionError: The following asserts failed:
expected [https://www.saucedemo.com/inventory.html] but found [https://www.saucedemo.com/]
at org.testng.asserts.SoftAssert.assertAll(SoftAssert.java:46)
at org.testng.asserts.SoftAssert.assertAll(SoftAssert.java:30)
at stepdefinationLogin.loginstep.urlexpected(loginstep.java:46)
at âœ½.Url is expected to display "https://www.saucedemo.com/inventory.html"(file:///C:/Users/koush/eclipse-workspace/PageObjectModel4/src/test/java/featurefiles/login.feature:7)
]]>
    </failure>
  </testcase> <!-- runScenario -->
  <testcase classname="stepdefinationLogin.testrunnerLogin" name="runScenario" time="2.728"/>
  <testcase classname="stepdefinationLogin.testrunnerLogin" name="runScenario" time="7.424"/>
  <testcase classname="stepdefinationLogin.testrunnerLogin" name="runScenario" time="2.564"/>
  <testcase classname="stepdefinationLogin.testrunnerLogin" name="runScenario" time="4.345"/>
</testsuite> <!-- stepdefinationLogin.testrunnerLogin -->
