<?xml version="1.0" encoding="UTF-8"?>
<!-- Generated by org.testng.reporters.JUnitReportReporter -->
<testsuite hostname="Koushik" failures="0" tests="6" name="TestPackage.login" time="7.814" errors="0" timestamp="2025-12-04T22:29:46 IST" skipped="0">
  <testcase classname="TestPackage.login" name="logintest" time="0.350"/>
  <testcase classname="TestPackage.login" name="logintest" time="5.375"/>
  <testcase classname="TestPackage.login" name="logintest" time="1.038"/>
  <testcase classname="TestPackage.login" name="logintest" time="0.358"/>
  <testcase classname="TestPackage.login" name="logintest" time="0.305"/>
  <testcase classname="TestPackage.login" name="logintest" time="0.388"/>
</testsuite> <!-- TestPackage.login -->
